<?xml version="1.0" encoding="UTF-8"?>
<Site BuildName="Linux-x86_64"
	BuildStamp="20230303-1002-Experimental"
	Name="YL4946-A10342PC"
	Generator="ctest-3.16.3"
	CompilerName=""
	CompilerVersion=""
	OSName="Linux"
	Hostname="YL4946-A10342PC"
	OSRelease="4.4.0-18362-Microsoft"
	OSVersion="#1-Microsoft Mon Mar 18 12:02:00 PST 2019"
	OSPlatform="x86_64"
	Is64Bits="1"
	VendorString="GenuineIntel"
	VendorID="Intel Corporation"
	FamilyID="6"
	ModelID="158"
	ProcessorCacheSize="256"
	NumberOfLogicalCPU="4"
	NumberOfPhysicalCPU="2"
	TotalVirtualMemory="12737"
	TotalPhysicalMemory="16267"
	LogicalProcessorsPerPhysical="2"
	ProcessorClockFrequency="3912"
	>
	<Configure>
		<StartDateTime>Mar 03 18:02 CST</StartDateTime>
		<StartConfigureTime>1677837729</StartConfigureTime>
		<ConfigureCommand>"/usr/bin/cmake" "-DENABLE_ASAN:BOOL=ON" "-GUnix Makefiles" "/mnt/e/wonderful/LEARN/cmake/cmake-code/chapter14-test-board/cmake-test-dash-asan"</ConfigureCommand>
		<Log>-- The CXX compiler identification is GNU 9.4.0
-- Check for working CXX compiler: /usr/bin/c++
-- Check for working CXX compiler: /usr/bin/c++ -- works
-- Detecting CXX compiler ABI info
-- Detecting CXX compiler ABI info - done
-- Detecting CXX compile features
-- Detecting CXX compile features - done
-- AddressSanitizer enabled
-- Configuring done
-- Generating done
-- Build files have been written to: /mnt/e/wonderful/LEARN/cmake/cmake-code/chapter14-test-board/cmake-test-dash-asan/build_ctest
</Log>
		<ConfigureStatus>0</ConfigureStatus>
		<EndDateTime>Mar 03 18:02 CST</EndDateTime>
		<EndConfigureTime>1677837731</EndConfigureTime>
		<ElapsedMinutes>0</ElapsedMinutes>
	</Configure>
</Site>
